#
# There is insufficient memory for the Java Runtime Environment to continue.
# Native memory allocation (malloc) failed to allocate 1432304 bytes. Error detail: Chunk::new
# Possible reasons:
#   The system is out of physical RAM or swap space
#   This process is running with CompressedOops enabled, and the Java Heap may be blocking the growth of the native heap
# Possible solutions:
#   Reduce memory load on the system
#   Increase physical memory or swap space
#   Check if swap backing store is full
#   Decrease Java heap size (-Xmx/-Xms)
#   Decrease number of Java threads
#   Decrease Java thread stack sizes (-Xss)
#   Set larger code cache with -XX:ReservedCodeCacheSize=
#   JVM is running with Zero Based Compressed Oops mode in which the Java heap is
#     placed in the first 32GB address space. The Java Heap base address is the
#     maximum limit for the native heap growth. Please use -XX:HeapBaseMinAddress
#     to set the Java Heap base and to place the Java Heap above 32GB virtual address.
# This output file may be truncated or incomplete.
#
#  Out of Memory Error (arena.cpp:149), pid=10724, tid=20564
#
# JRE version: OpenJDK Runtime Environment (23.0+37) (build 23+37-2369)
# Java VM: OpenJDK 64-Bit Server VM (23+37-2369, mixed mode, sharing, tiered, compressed oops, compressed class ptrs, g1 gc, windows-amd64)
# No core dump will be written. Minidumps are not enabled by default on client versions of Windows
#

---------------  S U M M A R Y ------------

Command Line: -javaagent:C:\Program Files\JetBrains\IntelliJ IDEA 2024.1.2\lib\idea_rt.jar=63484:C:\Program Files\JetBrains\IntelliJ IDEA 2024.1.2\bin -Dfile.encoding=UTF-8 -Dsun.stdout.encoding=UTF-8 -Dsun.stderr.encoding=UTF-8 dad.Main.Main

Host: Intel(R) Core(TM) i7-8750H CPU @ 2.20GHz, 12 cores, 11G,  Windows 10 , 64 bit Build 19041 (10.0.19041.4957)
Time: Mon Nov 18 19:18:10 2024 Hora estándar GMT elapsed time: 3.504864 seconds (0d 0h 0m 3s)

---------------  T H R E A D  ---------------

Current thread (0x000001c1c55ccec0):  JavaThread "C2 CompilerThread2" daemon [_thread_in_native, id=20564, stack(0x00000058b4c00000,0x00000058b4d00000) (1024K)]


Current CompileTask:
C2:3504 2363       4       java.lang.invoke.MethodType::makeImpl (109 bytes)

Stack: [0x00000058b4c00000,0x00000058b4d00000]
Native frames: (J=compiled Java code, j=interpreted, Vv=VM code, C=native code)
V  [jvm.dll+0x6e08a9]  (no source info available)
V  [jvm.dll+0x87da63]  (no source info available)
V  [jvm.dll+0x87feee]  (no source info available)
V  [jvm.dll+0x8805c3]  (no source info available)
V  [jvm.dll+0x27aee6]  (no source info available)
V  [jvm.dll+0xbc06f]  (no source info available)
V  [jvm.dll+0xbc2cb]  (no source info available)
V  [jvm.dll+0x3b3a9c]  (no source info available)
V  [jvm.dll+0x1dc19c]  (no source info available)
V  [jvm.dll+0x244be5]  (no source info available)
V  [jvm.dll+0x243dff]  (no source info available)
V  [jvm.dll+0x1c33a0]  (no source info available)
V  [jvm.dll+0x253cf1]  (no source info available)
V  [jvm.dll+0x251faa]  (no source info available)
V  [jvm.dll+0x3ee036]  (no source info available)
V  [jvm.dll+0x824f1b]  (no source info available)
V  [jvm.dll+0x6df055]  (no source info available)
C  [ucrtbase.dll+0x21bb2]  (no source info available)
C  [KERNEL32.DLL+0x17374]  (no source info available)
C  [ntdll.dll+0x4cc91]  (no source info available)

Lock stack of current Java thread (top to bottom):


---------------  P R O C E S S  ---------------

Threads class SMR info:
_java_thread_list=0x000001c1cb7509e0, length=23, elements={
0x000001c1d9d319a0, 0x000001c1f831be10, 0x000001c1f831cb30, 0x000001c1f831f2b0,
0x000001c1f8320060, 0x000001c1f8323a90, 0x000001c1f83279c0, 0x000001c1f832b7e0,
0x000001c1f8330e70, 0x000001c1f8325f80, 0x000001c1f83258f0, 0x000001c1f8326610,
0x000001c1f8325260, 0x000001c1c55c8050, 0x000001c1c55ccec0, 0x000001c1f8324540,
0x000001c1f8326ca0, 0x000001c1f8327330, 0x000001c1f8324bd0, 0x000001c1caca3680,
0x000001c1caca3d10, 0x000001c1caca6470, 0x000001c1caca6b00
}

Java Threads: ( => current thread )
  0x000001c1d9d319a0 JavaThread "main"                              [_thread_blocked, id=20224, stack(0x00000058b3700000,0x00000058b3800000) (1024K)]
  0x000001c1f831be10 JavaThread "Reference Handler"          daemon [_thread_blocked, id=18940, stack(0x00000058b3f00000,0x00000058b4000000) (1024K)]
  0x000001c1f831cb30 JavaThread "Finalizer"                  daemon [_thread_blocked, id=20232, stack(0x00000058b4000000,0x00000058b4100000) (1024K)]
  0x000001c1f831f2b0 JavaThread "Signal Dispatcher"          daemon [_thread_blocked, id=12656, stack(0x00000058b4100000,0x00000058b4200000) (1024K)]
  0x000001c1f8320060 JavaThread "Attach Listener"            daemon [_thread_blocked, id=13860, stack(0x00000058b4200000,0x00000058b4300000) (1024K)]
  0x000001c1f8323a90 JavaThread "Service Thread"             daemon [_thread_blocked, id=17776, stack(0x00000058b4300000,0x00000058b4400000) (1024K)]
  0x000001c1f83279c0 JavaThread "Monitor Deflation Thread"   daemon [_thread_blocked, id=7132, stack(0x00000058b4400000,0x00000058b4500000) (1024K)]
  0x000001c1f832b7e0 JavaThread "C2 CompilerThread0"         daemon [_thread_in_native, id=11668, stack(0x00000058b4500000,0x00000058b4600000) (1024K)]
  0x000001c1f8330e70 JavaThread "C1 CompilerThread0"         daemon [_thread_in_native, id=21260, stack(0x00000058b4600000,0x00000058b4700000) (1024K)]
  0x000001c1f8325f80 JavaThread "Common-Cleaner"             daemon [_thread_blocked, id=13800, stack(0x00000058b4700000,0x00000058b4800000) (1024K)]
  0x000001c1f83258f0 JavaThread "Monitor Ctrl-Break"         daemon [_thread_in_native, id=9568, stack(0x00000058b4900000,0x00000058b4a00000) (1024K)]
  0x000001c1f8326610 JavaThread "Notification Thread"        daemon [_thread_blocked, id=12520, stack(0x00000058b4a00000,0x00000058b4b00000) (1024K)]
  0x000001c1f8325260 JavaThread "JavaFX-Launcher"                   [_thread_blocked, id=13932, stack(0x00000058b4b00000,0x00000058b4c00000) (1024K)]
  0x000001c1c55c8050 JavaThread "C2 CompilerThread1"         daemon [_thread_in_native, id=19268, stack(0x00000058b4800000,0x00000058b4900000) (1024K)]
=>0x000001c1c55ccec0 JavaThread "C2 CompilerThread2"         daemon [_thread_in_native, id=20564, stack(0x00000058b4c00000,0x00000058b4d00000) (1024K)]
  0x000001c1f8324540 JavaThread "QuantumRenderer-0"          daemon [_thread_blocked, id=12040, stack(0x00000058b4d00000,0x00000058b4e00000) (1024K)]
  0x000001c1f8326ca0 JavaThread "InvokeLaterDispatcher"      daemon [_thread_blocked, id=19752, stack(0x00000058b4e00000,0x00000058b4f00000) (1024K)]
  0x000001c1f8327330 JavaThread "JavaFX Application Thread"         [_thread_in_Java, id=17168, stack(0x00000058b4f00000,0x00000058b5000000) (1024K)]
  0x000001c1f8324bd0 JavaThread "Thread-2"                   daemon [_thread_in_native, id=19584, stack(0x00000058b5300000,0x00000058b5400000) (1024K)]
  0x000001c1caca3680 JavaThread "mysql-cj-abandoned-connection-cleanup" daemon [_thread_blocked, id=13556, stack(0x00000058b5d00000,0x00000058b5e00000) (1024K)]
  0x000001c1caca3d10 JavaThread "HikariPool-1 housekeeper"   daemon [_thread_blocked, id=18576, stack(0x00000058b5f00000,0x00000058b6000000) (1024K)]
  0x000001c1caca6470 JavaThread "HikariPool-1 connection adder" daemon [_thread_blocked, id=1656, stack(0x00000058b6000000,0x00000058b6100000) (1024K)]
  0x000001c1caca6b00 JavaThread "Prism Font Disposer"        daemon [_thread_blocked, id=18440, stack(0x00000058b6400000,0x00000058b6500000) (1024K)]
Total: 23

Other Threads:
  0x000001c1f8304880 VMThread "VM Thread"                           [id=16220, stack(0x00000058b3e00000,0x00000058b3f00000) (1024K)]
  0x000001c1f82f2b00 WatcherThread "VM Periodic Task Thread"        [id=19788, stack(0x00000058b3d00000,0x00000058b3e00000) (1024K)]
  0x000001c1d9d87b60 WorkerThread "GC Thread#0"                     [id=19284, stack(0x00000058b3800000,0x00000058b3900000) (1024K)]
  0x000001c1cac7a1e0 WorkerThread "GC Thread#1"                     [id=13808, stack(0x00000058b5400000,0x00000058b5500000) (1024K)]
  0x000001c1cac7f090 WorkerThread "GC Thread#2"                     [id=11260, stack(0x00000058b5500000,0x00000058b5600000) (1024K)]
  0x000001c1cac7f440 WorkerThread "GC Thread#3"                     [id=16984, stack(0x00000058b5600000,0x00000058b5700000) (1024K)]
  0x000001c1cac80420 WorkerThread "GC Thread#4"                     [id=17208, stack(0x00000058b5700000,0x00000058b5800000) (1024K)]
  0x000001c1cab45ab0 WorkerThread "GC Thread#5"                     [id=3016, stack(0x00000058b5800000,0x00000058b5900000) (1024K)]
  0x000001c1cab3a7a0 WorkerThread "GC Thread#6"                     [id=8140, stack(0x00000058b5900000,0x00000058b5a00000) (1024K)]
  0x000001c1cab3ab50 WorkerThread "GC Thread#7"                     [id=10124, stack(0x00000058b5a00000,0x00000058b5b00000) (1024K)]
  0x000001c1cab3af00 WorkerThread "GC Thread#8"                     [id=10476, stack(0x00000058b5b00000,0x00000058b5c00000) (1024K)]
  0x000001c1cab3b2b0 WorkerThread "GC Thread#9"                     [id=14544, stack(0x00000058b5c00000,0x00000058b5d00000) (1024K)]
  0x000001c1d9d97990 ConcurrentGCThread "G1 Main Marker"            [id=19316, stack(0x00000058b3900000,0x00000058b3a00000) (1024K)]
  0x000001c1d9d98650 WorkerThread "G1 Conc#0"                       [id=1532, stack(0x00000058b3a00000,0x00000058b3b00000) (1024K)]
  0x000001c1cb158580 WorkerThread "G1 Conc#1"                       [id=20848, stack(0x00000058b6500000,0x00000058b6600000) (1024K)]
  0x000001c1cb157e20 WorkerThread "G1 Conc#2"                       [id=9844, stack(0x00000058b6600000,0x00000058b6700000) (1024K)]
  0x000001c1d9dfe480 ConcurrentGCThread "G1 Refine#0"               [id=11756, stack(0x00000058b3b00000,0x00000058b3c00000) (1024K)]
  0x000001c1f81c5560 ConcurrentGCThread "G1 Service"                [id=15260, stack(0x00000058b3c00000,0x00000058b3d00000) (1024K)]
Total: 18

Threads with active compile tasks:
C2 CompilerThread0  3769 2785       4       javafx.css.CompoundSelector::applies (144 bytes)
C1 CompilerThread0  3769 3067       2       javafx.scene.control.SkinBase::snapSizeX (9 bytes)
C2 CompilerThread1  3769 2792       4       com.sun.javafx.css.StyleMap::getCascadingStyles (384 bytes)
C2 CompilerThread2  3769 2363       4       java.lang.invoke.MethodType::makeImpl (109 bytes)
Total: 4

VM state: not at safepoint (normal execution)

VM Mutex/Monitor currently owned by a thread: None

Heap address: 0x0000000741a00000, size: 3046 MB, Compressed Oops mode: Zero based, Oop shift amount: 3

CDS archive(s) mapped at: [0x000001c180000000-0x000001c180d70000-0x000001c180d70000), size 14090240, SharedBaseAddress: 0x000001c180000000, ArchiveRelocationMode: 1.
Compressed class space mapped at: 0x000001c181000000-0x000001c1c1000000, reserved size: 1073741824
Narrow klass base: 0x000001c180000000, Narrow klass shift: 0, Narrow klass range: 0x41000000

GC Precious Log:
 CardTable entry size: 512
 Card Set container configuration: InlinePtr #cards 4 size 8 Array Of Cards #cards 16 size 48 Howl #buckets 8 coarsen threshold 3686 Howl Bitmap #cards 512 size 80 coarsen threshold 460 Card regions per heap region 1 cards per card region 4096
 CPUs: 12 total, 12 available
 Memory: 12176M
 Large Page Support: Disabled
 NUMA Support: Disabled
 Compressed Oops: Enabled (Zero based)
 Heap Region Size: 2M
 Heap Min Capacity: 8M
 Heap Initial Capacity: 192M
 Heap Max Capacity: 3046M
 Pre-touch: Disabled
 Parallel Workers: 10
 Concurrent Workers: 3
 Concurrent Refinement Workers: 10
 Periodic GC: Disabled

Heap:
 garbage-first heap   total reserved 3119104K, committed 49152K, used 15483K [0x0000000741a00000, 0x0000000800000000)
  region size 2048K, 6 young (12288K), 4 survivors (8192K)
 Metaspace       used 21288K, committed 21568K, reserved 1114112K
  class space    used 3248K, committed 3392K, reserved 1048576K

Heap Regions: E=young(eden), S=young(survivor), O=old, HS=humongous(starts), HC=humongous(continues), CS=collection set, F=free, TAMS=top-at-mark-start, PB=parsable bottom
|   0|0x0000000741a00000, 0x0000000741c00000, 0x0000000741c00000|100%| O|  |TAMS 0x0000000741a00000| PB 0x0000000741a00000| Untracked |  0
|   1|0x0000000741c00000, 0x0000000741e00000, 0x0000000741e00000|100%| O|  |TAMS 0x0000000741c00000| PB 0x0000000741c00000| Untracked |  0
|   2|0x0000000741e00000, 0x0000000741f1ec88, 0x0000000742000000| 56%| O|  |TAMS 0x0000000741e00000| PB 0x0000000741e00000| Untracked |  0
|   3|0x0000000742000000, 0x0000000742000000, 0x0000000742200000|  0%| F|  |TAMS 0x0000000742000000| PB 0x0000000742000000| Untracked |  0
|   4|0x0000000742200000, 0x0000000742200000, 0x0000000742400000|  0%| F|  |TAMS 0x0000000742200000| PB 0x0000000742200000| Untracked |  0
|   5|0x0000000742400000, 0x0000000742400000, 0x0000000742600000|  0%| F|  |TAMS 0x0000000742400000| PB 0x0000000742400000| Untracked |  0
|   6|0x0000000742600000, 0x0000000742600000, 0x0000000742800000|  0%| F|  |TAMS 0x0000000742600000| PB 0x0000000742600000| Untracked |  0
|   7|0x0000000742800000, 0x0000000742800000, 0x0000000742a00000|  0%| F|  |TAMS 0x0000000742800000| PB 0x0000000742800000| Untracked |  0
|   8|0x0000000742a00000, 0x0000000742a00000, 0x0000000742c00000|  0%| F|  |TAMS 0x0000000742a00000| PB 0x0000000742a00000| Untracked |  0
|   9|0x0000000742c00000, 0x0000000742c00000, 0x0000000742e00000|  0%| F|  |TAMS 0x0000000742c00000| PB 0x0000000742c00000| Untracked |  0
|  10|0x0000000742e00000, 0x0000000742e00000, 0x0000000743000000|  0%| F|  |TAMS 0x0000000742e00000| PB 0x0000000742e00000| Untracked |  0
|  11|0x0000000743000000, 0x0000000743000000, 0x0000000743200000|  0%| F|  |TAMS 0x0000000743000000| PB 0x0000000743000000| Untracked |  0
|  12|0x0000000743200000, 0x0000000743200000, 0x0000000743400000|  0%| F|  |TAMS 0x0000000743200000| PB 0x0000000743200000| Untracked |  0
|  13|0x0000000743400000, 0x0000000743400000, 0x0000000743600000|  0%| F|  |TAMS 0x0000000743400000| PB 0x0000000743400000| Untracked |  0
|  14|0x0000000743600000, 0x0000000743600000, 0x0000000743800000|  0%| F|  |TAMS 0x0000000743600000| PB 0x0000000743600000| Untracked |  0
|  15|0x0000000743800000, 0x0000000743800000, 0x0000000743a00000|  0%| F|  |TAMS 0x0000000743800000| PB 0x0000000743800000| Untracked |  0
|  16|0x0000000743a00000, 0x0000000743a00000, 0x0000000743c00000|  0%| F|  |TAMS 0x0000000743a00000| PB 0x0000000743a00000| Untracked |  0
|  17|0x0000000743c00000, 0x0000000743c00000, 0x0000000743e00000|  0%| F|  |TAMS 0x0000000743c00000| PB 0x0000000743c00000| Untracked |  0
|  18|0x0000000743e00000, 0x0000000743f81cd0, 0x0000000744000000| 75%| E|  |TAMS 0x0000000743e00000| PB 0x0000000743e00000| Complete |  0
|  71|0x000000074a800000, 0x000000074aa00000, 0x000000074aa00000|100%| S|CS|TAMS 0x000000074a800000| PB 0x000000074a800000| Complete |  0
|  72|0x000000074aa00000, 0x000000074ac00000, 0x000000074ac00000|100%| S|CS|TAMS 0x000000074aa00000| PB 0x000000074aa00000| Complete |  0
|  73|0x000000074ac00000, 0x000000074ae00000, 0x000000074ae00000|100%| S|CS|TAMS 0x000000074ac00000| PB 0x000000074ac00000| Complete |  0
|  74|0x000000074ae00000, 0x000000074b000000, 0x000000074b000000|100%| S|CS|TAMS 0x000000074ae00000| PB 0x000000074ae00000| Complete |  0
|  95|0x000000074d800000, 0x000000074da00000, 0x000000074da00000|100%| E|CS|TAMS 0x000000074d800000| PB 0x000000074d800000| Complete |  0

Card table byte_map: [0x000001c1f20d0000,0x000001c1f26d0000] _byte_map_base: 0x000001c1ee6c3000

Marking Bits: (CMBitMap*) 0x000001c1d9d88270
 Bits: [0x000001c1f26d0000, 0x000001c1f5668000)

Polling page: 0x000001c1d7a30000

Metaspace:

Usage:
  Non-class:     17.64 MB used.
      Class:      3.17 MB used.
       Both:     20.81 MB used.

Virtual space:
  Non-class space:       64.00 MB reserved,      17.81 MB ( 28%) committed,  1 nodes.
      Class space:        1.00 GB reserved,       3.31 MB ( <1%) committed,  1 nodes.
             Both:        1.06 GB reserved,      21.12 MB (  2%) committed. 

Chunk freelists:
   Non-Class:  13.86 MB
       Class:  12.73 MB
        Both:  26.59 MB

MaxMetaspaceSize: unlimited
CompressedClassSpaceSize: 1.00 GB
Initial GC threshold: 21.00 MB
Current GC threshold: 35.12 MB
CDS: on
 - commit_granule_bytes: 65536.
 - commit_granule_words: 8192.
 - virtual_space_node_default_size: 8388608.
 - enlarge_chunks_in_place: 1.
 - use_allocation_guard: 0.


Internal statistics:

num_allocs_failed_limit: 3.
num_arena_births: 352.
num_arena_deaths: 2.
num_vsnodes_births: 2.
num_vsnodes_deaths: 0.
num_space_committed: 338.
num_space_uncommitted: 0.
num_chunks_returned_to_freelist: 6.
num_chunks_taken_from_freelist: 979.
num_chunk_merges: 3.
num_chunk_splits: 709.
num_chunks_enlarged: 541.
num_inconsistent_stats: 0.

CodeHeap 'non-profiled nmethods': size=120064Kb used=1251Kb max_used=1251Kb free=118812Kb
 bounds [0x000001c1e9f30000, 0x000001c1ea1a0000, 0x000001c1f1470000]
CodeHeap 'profiled nmethods': size=120000Kb used=4449Kb max_used=4449Kb free=115550Kb
 bounds [0x000001c1e2470000, 0x000001c1e28d0000, 0x000001c1e99a0000]
CodeHeap 'non-nmethods': size=5696Kb used=1770Kb max_used=1846Kb free=3926Kb
 bounds [0x000001c1e99a0000, 0x000001c1e9c10000, 0x000001c1e9f30000]
CodeCache: size=245760Kb, used=7470Kb, max_used=7546Kb, free=238288Kb
 total_blobs=3879, nmethods=3066, adapters=718, full_count=0
Compilation: enabled, stopped_count=0, restarted_count=0

Compilation events (20 events):
Event: 3.492 Thread 0x000001c1f8330e70 2605       3       java.util.ArrayList$SubList::get (27 bytes)
Event: 3.493 Thread 0x000001c1f8330e70 nmethod 2605 0x000001c1e2825d88 code [0x000001c1e2825ee0, 0x000001c1e28262c8]
Event: 3.493 Thread 0x000001c1f8330e70 2613       1       javafx.css.SizeUnits::isAbsolute (5 bytes)
Event: 3.493 Thread 0x000001c1f8330e70 nmethod 2613 0x000001c1ea046b08 code [0x000001c1ea046c20, 0x000001c1ea046cf0]
Event: 3.494 Thread 0x000001c1f8330e70 2616       1       com.sun.javafx.css.CalculatedValue::getValue (5 bytes)
Event: 3.494 Thread 0x000001c1f8330e70 nmethod 2616 0x000001c1ea046e08 code [0x000001c1ea046f20, 0x000001c1ea046ff0]
Event: 3.494 Thread 0x000001c1f8330e70 2612       1       javafx.scene.paint.Stop::getOffset (5 bytes)
Event: 3.494 Thread 0x000001c1f8330e70 nmethod 2612 0x000001c1ea047108 code [0x000001c1ea047220, 0x000001c1ea0472e8]
Event: 3.495 Thread 0x000001c1f8330e70 2618       1       javafx.scene.text.Font::getSize (5 bytes)
Event: 3.495 Thread 0x000001c1f8330e70 nmethod 2618 0x000001c1ea047408 code [0x000001c1ea047520, 0x000001c1ea0475e8]
Event: 3.495 Thread 0x000001c1f8330e70 2619       3       java.util.ImmutableCollections$Set12::hashCode (30 bytes)
Event: 3.495 Thread 0x000001c1f8330e70 nmethod 2619 0x000001c1e2826308 code [0x000001c1e2826440, 0x000001c1e2826758]
Event: 3.495 Thread 0x000001c1f8330e70 2620       3       javafx.beans.property.DoublePropertyBase::get (29 bytes)
Event: 3.496 Thread 0x000001c1f8330e70 nmethod 2620 0x000001c1e2826788 code [0x000001c1e28268c0, 0x000001c1e2826b08]
Event: 3.496 Thread 0x000001c1f8330e70 2622       3       javafx.scene.Parent::clearSizeCache (42 bytes)
Event: 3.496 Thread 0x000001c1f8330e70 nmethod 2622 0x000001c1e2826b88 code [0x000001c1e2826ca0, 0x000001c1e2826e50]
Event: 3.496 Thread 0x000001c1f8330e70 2623       3       javafx.scene.Parent::requestLayout (14 bytes)
Event: 3.496 Thread 0x000001c1f8330e70 nmethod 2623 0x000001c1e2826e88 code [0x000001c1e2826fc0, 0x000001c1e28271d8]
Event: 3.496 Thread 0x000001c1f8330e70 2621       3       java.util.HashSet::clear (8 bytes)
Event: 3.496 Thread 0x000001c1f8330e70 nmethod 2621 0x000001c1e2827208 code [0x000001c1e2827320, 0x000001c1e2827500]

GC Heap History (4 events):
Event: 1.229 GC heap before
{Heap before GC invocations=0 (full 0):
 garbage-first heap   total reserved 3119104K, committed 196608K, used 24576K [0x0000000741a00000, 0x0000000800000000)
  region size 2048K, 12 young (24576K), 0 survivors (0K)
 Metaspace       used 5808K, committed 6016K, reserved 1114112K
  class space    used 665K, committed 704K, reserved 1048576K
}
Event: 1.236 GC heap after
{Heap after GC invocations=1 (full 0):
 garbage-first heap   total reserved 3119104K, committed 196608K, used 5108K [0x0000000741a00000, 0x0000000800000000)
  region size 2048K, 2 young (4096K), 2 survivors (4096K)
 Metaspace       used 5808K, committed 6016K, reserved 1114112K
  class space    used 665K, committed 704K, reserved 1048576K
}
Event: 1.982 GC heap before
{Heap before GC invocations=1 (full 0):
 garbage-first heap   total reserved 3119104K, committed 196608K, used 25588K [0x0000000741a00000, 0x0000000800000000)
  region size 2048K, 12 young (24576K), 2 survivors (4096K)
 Metaspace       used 10376K, committed 10560K, reserved 1114112K
  class space    used 1338K, committed 1408K, reserved 1048576K
}
Event: 1.994 GC heap after
{Heap after GC invocations=2 (full 0):
 garbage-first heap   total reserved 3119104K, committed 196608K, used 8871K [0x0000000741a00000, 0x0000000800000000)
  region size 2048K, 2 young (4096K), 2 survivors (4096K)
 Metaspace       used 10376K, committed 10560K, reserved 1114112K
  class space    used 1338K, committed 1408K, reserved 1048576K
}

Dll operation events (20 events):
Event: 0.635 Loaded shared library C:\Users\Dani-PC\.openjfx\cache\22.0.1+7\amd64\api-ms-win-crt-locale-l1-1-0.dll
Event: 0.640 Loaded shared library C:\Users\Dani-PC\.openjfx\cache\22.0.1+7\amd64\api-ms-win-crt-math-l1-1-0.dll
Event: 0.645 Loaded shared library C:\Users\Dani-PC\.openjfx\cache\22.0.1+7\amd64\api-ms-win-crt-multibyte-l1-1-0.dll
Event: 0.651 Loaded shared library C:\Users\Dani-PC\.openjfx\cache\22.0.1+7\amd64\api-ms-win-crt-private-l1-1-0.dll
Event: 0.656 Loaded shared library C:\Users\Dani-PC\.openjfx\cache\22.0.1+7\amd64\api-ms-win-crt-process-l1-1-0.dll
Event: 0.661 Loaded shared library C:\Users\Dani-PC\.openjfx\cache\22.0.1+7\amd64\api-ms-win-crt-runtime-l1-1-0.dll
Event: 0.666 Loaded shared library C:\Users\Dani-PC\.openjfx\cache\22.0.1+7\amd64\api-ms-win-crt-stdio-l1-1-0.dll
Event: 0.672 Loaded shared library C:\Users\Dani-PC\.openjfx\cache\22.0.1+7\amd64\api-ms-win-crt-string-l1-1-0.dll
Event: 0.677 Loaded shared library C:\Users\Dani-PC\.openjfx\cache\22.0.1+7\amd64\api-ms-win-crt-time-l1-1-0.dll
Event: 0.682 Loaded shared library C:\Users\Dani-PC\.openjfx\cache\22.0.1+7\amd64\api-ms-win-crt-utility-l1-1-0.dll
Event: 0.708 Loaded shared library C:\Users\Dani-PC\.openjfx\cache\22.0.1+7\amd64\ucrtbase.dll
Event: 0.715 Loaded shared library C:\Users\Dani-PC\.openjfx\cache\22.0.1+7\amd64\vcruntime140.dll
Event: 0.720 Loaded shared library C:\Users\Dani-PC\.openjfx\cache\22.0.1+7\amd64\vcruntime140_1.dll
Event: 0.737 Loaded shared library C:\Users\Dani-PC\.openjfx\cache\22.0.1+7\amd64\msvcp140.dll
Event: 0.743 Loaded shared library C:\Users\Dani-PC\.openjfx\cache\22.0.1+7\amd64\msvcp140_1.dll
Event: 0.754 Loaded shared library C:\Users\Dani-PC\.openjfx\cache\22.0.1+7\amd64\msvcp140_2.dll
Event: 0.840 Loaded shared library C:\Users\Dani-PC\.openjfx\cache\22.0.1+7\amd64\prism_d3d.dll
Event: 0.902 Loaded shared library C:\Users\Dani-PC\.openjfx\cache\22.0.1+7\amd64\glass.dll
Event: 1.800 Loaded shared library C:\Users\Dani-PC\.openjfx\cache\22.0.1+7\amd64\javafx_font.dll
Event: 2.163 Loaded shared library C:\Users\Dani-PC\.jdks\openjdk-23\bin\verify.dll

Deoptimization events (20 events):
Event: 3.006 Thread 0x000001c1f8327330 DEOPT PACKING pc=0x000001c1e9f3f22c sp=0x00000058b4ffd8a0
Event: 3.006 Thread 0x000001c1f8327330 DEOPT UNPACKING pc=0x000001c1e99f4402 sp=0x00000058b4ffd838 mode 2
Event: 3.006 Thread 0x000001c1f8327330 Uncommon trap: trap_request=0xffffffde fr.pc=0x000001c1e9f3f22c relative=0x00000000000001ac
Event: 3.006 Thread 0x000001c1f8327330 Uncommon trap: reason=class_check action=maybe_recompile pc=0x000001c1e9f3f22c method=java.lang.String.equals(Ljava/lang/Object;)Z @ 8 c2
Event: 3.006 Thread 0x000001c1f8327330 DEOPT PACKING pc=0x000001c1e9f3f22c sp=0x00000058b4ffd7b0
Event: 3.006 Thread 0x000001c1f8327330 DEOPT UNPACKING pc=0x000001c1e99f4402 sp=0x00000058b4ffd748 mode 2
Event: 3.006 Thread 0x000001c1f8327330 Uncommon trap: trap_request=0xffffffde fr.pc=0x000001c1e9f3f22c relative=0x00000000000001ac
Event: 3.006 Thread 0x000001c1f8327330 Uncommon trap: reason=class_check action=maybe_recompile pc=0x000001c1e9f3f22c method=java.lang.String.equals(Ljava/lang/Object;)Z @ 8 c2
Event: 3.006 Thread 0x000001c1f8327330 DEOPT PACKING pc=0x000001c1e9f3f22c sp=0x00000058b4ffd7b0
Event: 3.006 Thread 0x000001c1f8327330 DEOPT UNPACKING pc=0x000001c1e99f4402 sp=0x00000058b4ffd748 mode 2
Event: 3.008 Thread 0x000001c1f8327330 Uncommon trap: trap_request=0xffffffde fr.pc=0x000001c1e9f3f22c relative=0x00000000000001ac
Event: 3.008 Thread 0x000001c1f8327330 Uncommon trap: reason=class_check action=maybe_recompile pc=0x000001c1e9f3f22c method=java.lang.String.equals(Ljava/lang/Object;)Z @ 8 c2
Event: 3.008 Thread 0x000001c1f8327330 DEOPT PACKING pc=0x000001c1e9f3f22c sp=0x00000058b4ffd5b0
Event: 3.008 Thread 0x000001c1f8327330 DEOPT UNPACKING pc=0x000001c1e99f4402 sp=0x00000058b4ffd548 mode 2
Event: 3.024 Thread 0x000001c1f8327330 DEOPT PACKING pc=0x000001c1e24cf165 sp=0x00000058b4ffccc0
Event: 3.024 Thread 0x000001c1f8327330 DEOPT UNPACKING pc=0x000001c1e99f4b22 sp=0x00000058b4ffc1b8 mode 0
Event: 3.131 Thread 0x000001c1f8327330 Uncommon trap: trap_request=0xffffff45 fr.pc=0x000001c1e9fc6d00 relative=0x0000000000000080
Event: 3.131 Thread 0x000001c1f8327330 Uncommon trap: reason=unstable_if action=reinterpret pc=0x000001c1e9fc6d00 method=java.lang.CharacterDataLatin1.equalsIgnoreCase(BB)Z @ 54 c2
Event: 3.131 Thread 0x000001c1f8327330 DEOPT PACKING pc=0x000001c1e9fc6d00 sp=0x00000058b4ffce00
Event: 3.131 Thread 0x000001c1f8327330 DEOPT UNPACKING pc=0x000001c1e99f4402 sp=0x00000058b4ffcd80 mode 2

Classes loaded (20 events):
Event: 2.646 Loading class java/util/concurrent/atomic/AtomicReferenceFieldUpdater$AtomicReferenceFieldUpdaterImpl
Event: 2.646 Loading class java/util/concurrent/atomic/AtomicReferenceFieldUpdater$AtomicReferenceFieldUpdaterImpl done
Event: 2.646 Loading class java/util/concurrent/atomic/AtomicReferenceFieldUpdater$AtomicReferenceFieldUpdaterImpl$1
Event: 2.646 Loading class java/util/concurrent/atomic/AtomicReferenceFieldUpdater$AtomicReferenceFieldUpdaterImpl$1 done
Event: 2.658 Loading class java/util/TimerTask
Event: 2.658 Loading class java/util/TimerTask done
Event: 2.694 Loading class java/time/format/DateTimeParseException
Event: 2.694 Loading class java/time/DateTimeException
Event: 2.694 Loading class java/time/DateTimeException done
Event: 2.694 Loading class java/time/format/DateTimeParseException done
Event: 2.759 Loading class jdk/internal/event/ThreadSleepEvent
Event: 2.759 Loading class jdk/internal/event/ThreadSleepEvent done
Event: 3.001 Loading class jdk/jfr/FlightRecorder
Event: 3.002 Loading class jdk/jfr/FlightRecorder done
Event: 3.046 Loading class java/util/ConcurrentModificationException
Event: 3.046 Loading class java/util/ConcurrentModificationException done
Event: 3.139 Loading class sun/nio/cs/UTF_16BE$Decoder
Event: 3.139 Loading class sun/nio/cs/UnicodeDecoder
Event: 3.139 Loading class sun/nio/cs/UnicodeDecoder done
Event: 3.139 Loading class sun/nio/cs/UTF_16BE$Decoder done

Classes unloaded (0 events):
No events

Classes redefined (0 events):
No events

Internal exceptions (20 events):
Event: 2.021 Thread 0x000001c1f8327330 Exception <a 'java/lang/NoSuchMethodError'{0x000000074d8a81d0}: 'java.lang.Object java.lang.invoke.DirectMethodHandle$Holder.invokeStatic(java.lang.Object, java.lang.Object, java.lang.Object, java.lang.Object, int)'> (0x000000074d8a81d0) 
thrown [s\open\src\hotspot\share\interpreter\linkResolver.cpp, line 796]
Event: 2.024 Thread 0x000001c1f8327330 Exception <a 'java/lang/NoSuchMethodError'{0x000000074d8b3268}: 'void java.lang.invoke.DelegatingMethodHandle$Holder.reinvoke_L(java.lang.Object, java.lang.Object, int)'> (0x000000074d8b3268) 
thrown [s\open\src\hotspot\share\interpreter\linkResolver.cpp, line 796]
Event: 2.025 Thread 0x000001c1f8327330 Exception <a 'java/lang/NoSuchMethodError'{0x000000074d8ba078}: 'int java.lang.invoke.DirectMethodHandle$Holder.invokeSpecial(java.lang.Object, java.lang.Object, java.lang.Object)'> (0x000000074d8ba078) 
thrown [s\open\src\hotspot\share\interpreter\linkResolver.cpp, line 796]
Event: 2.039 Thread 0x000001c1f8327330 Exception <a 'java/lang/NoSuchMethodError'{0x000000074d9019e8}: 'void java.lang.invoke.DirectMethodHandle$Holder.invokeSpecial(java.lang.Object, java.lang.Object, double)'> (0x000000074d9019e8) 
thrown [s\open\src\hotspot\share\interpreter\linkResolver.cpp, line 796]
Event: 2.040 Thread 0x000001c1f8327330 Exception <a 'java/lang/NoSuchMethodError'{0x000000074d90c178}: 'double java.lang.invoke.DelegatingMethodHandle$Holder.reinvoke_L(java.lang.Object, java.lang.Object, int)'> (0x000000074d90c178) 
thrown [s\open\src\hotspot\share\interpreter\linkResolver.cpp, line 796]
Event: 2.041 Thread 0x000001c1f8327330 Exception <a 'java/lang/NoSuchMethodError'{0x000000074d916028}: 'void java.lang.invoke.DelegatingMethodHandle$Holder.reinvoke_L(java.lang.Object, java.lang.Object, double)'> (0x000000074d916028) 
thrown [s\open\src\hotspot\share\interpreter\linkResolver.cpp, line 796]
Event: 2.166 Thread 0x000001c1f8327330 Exception <a 'java/lang/NoClassDefFoundError'{0x000000074d498050}: org/slf4j/impl/StaticLoggerBinder> (0x000000074d498050) 
thrown [s\open\src\hotspot\share\classfile\systemDictionary.cpp, line 302]
Event: 2.178 Thread 0x000001c1f8327330 Exception <a 'java/lang/NoSuchMethodError'{0x000000074d4dbb48}: 'int java.lang.invoke.Invokers$Holder.invokeExact_MT(java.lang.Object, java.lang.Object)'> (0x000000074d4dbb48) 
thrown [s\open\src\hotspot\share\interpreter\linkResolver.cpp, line 796]
Event: 2.178 Thread 0x000001c1f8327330 Exception <a 'java/lang/NoSuchMethodError'{0x000000074d4df418}: 'void java.lang.invoke.Invokers$Holder.invokeExact_MT(java.lang.Object, int, java.lang.Object)'> (0x000000074d4df418) 
thrown [s\open\src\hotspot\share\interpreter\linkResolver.cpp, line 796]
Event: 2.180 Thread 0x000001c1f8327330 Exception <a 'java/lang/NoSuchMethodError'{0x000000074d524388}: 'long java.lang.invoke.DelegatingMethodHandle$Holder.reinvoke_L(java.lang.Object, java.lang.Object)'> (0x000000074d524388) 
thrown [s\open\src\hotspot\share\interpreter\linkResolver.cpp, line 796]
Event: 2.181 Thread 0x000001c1f8327330 Exception <a 'java/lang/NoSuchMethodError'{0x000000074d52e1e8}: 'void java.lang.invoke.DelegatingMethodHandle$Holder.reinvoke_L(java.lang.Object, java.lang.Object, long)'> (0x000000074d52e1e8) 
thrown [s\open\src\hotspot\share\interpreter\linkResolver.cpp, line 796]
Event: 2.182 Thread 0x000001c1f8327330 Exception <a 'java/lang/NoSuchMethodError'{0x000000074d534a90}: 'long java.lang.invoke.Invokers$Holder.invokeExact_MT(java.lang.Object, java.lang.Object, java.lang.Object)'> (0x000000074d534a90) 
thrown [s\open\src\hotspot\share\interpreter\linkResolver.cpp, line 796]
Event: 2.185 Thread 0x000001c1f8327330 Exception <a 'java/lang/NoSuchMethodError'{0x000000074d5471b8}: 'int java.lang.invoke.Invokers$Holder.invokeExact_MT(java.lang.Object, java.lang.Object, java.lang.Object)'> (0x000000074d5471b8) 
thrown [s\open\src\hotspot\share\interpreter\linkResolver.cpp, line 796]
Event: 2.185 Thread 0x000001c1f8327330 Exception <a 'java/lang/NoSuchMethodError'{0x000000074d54a8e0}: 'void java.lang.invoke.Invokers$Holder.invokeExact_MT(java.lang.Object, java.lang.Object, int, java.lang.Object)'> (0x000000074d54a8e0) 
thrown [s\open\src\hotspot\share\interpreter\linkResolver.cpp, line 796]
Event: 2.197 Thread 0x000001c1f8327330 Implicit null exception at 0x000001c1e9ff3591 to 0x000001c1e9ff3a84
Event: 2.277 Thread 0x000001c1f8327330 Exception <a 'java/lang/NoSuchMethodError'{0x000000074d2d1bc0}: 'java.lang.Object java.lang.invoke.DirectMethodHandle$Holder.invokeVirtual(java.lang.Object, java.lang.Object, java.lang.Object)'> (0x000000074d2d1bc0) 
thrown [s\open\src\hotspot\share\interpreter\linkResolver.cpp, line 796]
Event: 2.749 Thread 0x000001c1caca3d10 Exception <a 'java/lang/NoSuchMethodError'{0x000000074cd3f480}: 'int java.lang.invoke.DirectMethodHandle$Holder.invokeStatic(java.lang.Object, int, java.lang.Object)'> (0x000000074cd3f480) 
thrown [s\open\src\hotspot\share\interpreter\linkResolver.cpp, line 796]
Event: 3.060 Thread 0x000001c1f8327330 Exception <a 'java/lang/NoSuchMethodError'{0x000000074c1ea628}: 'java.lang.Object java.lang.invoke.DirectMethodHandle$Holder.invokeInterface(java.lang.Object, java.lang.Object, java.lang.Object)'> (0x000000074c1ea628) 
thrown [s\open\src\hotspot\share\interpreter\linkResolver.cpp, line 796]
Event: 3.060 Thread 0x000001c1f8327330 Exception <a 'java/lang/IncompatibleClassChangeError'{0x000000074c1eda38}: Found class java.lang.Object, but interface was expected> (0x000000074c1eda38) 
thrown [s\open\src\hotspot\share\interpreter\linkResolver.cpp, line 863]
Event: 3.118 Thread 0x000001c1f8327330 Exception <a 'java/lang/NoSuchMethodError'{0x000000074bc9a8a8}: 'void java.lang.invoke.DirectMethodHandle$Holder.invokeSpecial(java.lang.Object, java.lang.Object, java.lang.Object, java.lang.Object, java.lang.Object, java.lang.Object)'> (0x000000074bc9a8a8) 
thrown [s\open\src\hotspot\share\interpreter\linkResolver.cpp, line 796]

VM Operations (18 events):
Event: 0.086 Executing VM operation: HandshakeAllThreads (Deoptimize)
Event: 0.086 Executing VM operation: HandshakeAllThreads (Deoptimize) done
Event: 0.387 Executing VM operation: HandshakeAllThreads (Deoptimize)
Event: 0.387 Executing VM operation: HandshakeAllThreads (Deoptimize) done
Event: 0.893 Executing VM operation: HandshakeAllThreads (Deoptimize)
Event: 0.893 Executing VM operation: HandshakeAllThreads (Deoptimize) done
Event: 1.229 Executing VM operation: G1CollectForAllocation (G1 Evacuation Pause)
Event: 1.236 Executing VM operation: G1CollectForAllocation (G1 Evacuation Pause) done
Event: 1.982 Executing VM operation: G1CollectForAllocation (G1 Evacuation Pause)
Event: 1.994 Executing VM operation: G1CollectForAllocation (G1 Evacuation Pause) done
Event: 2.204 Executing VM operation: HandshakeAllThreads (Deoptimize)
Event: 2.204 Executing VM operation: HandshakeAllThreads (Deoptimize) done
Event: 2.205 Executing VM operation: HandshakeAllThreads (Deoptimize)
Event: 2.205 Executing VM operation: HandshakeAllThreads (Deoptimize) done
Event: 2.268 Executing VM operation: HandshakeAllThreads (Deoptimize)
Event: 2.268 Executing VM operation: HandshakeAllThreads (Deoptimize) done
Event: 2.544 Executing VM operation: HandshakeAllThreads (Deoptimize)
Event: 2.545 Executing VM operation: HandshakeAllThreads (Deoptimize) done

Memory protections (0 events):
No events

Nmethod flushes (0 events):
No events

Events (20 events):
Event: 0.040 Thread 0x000001c1d9d319a0 Thread added: 0x000001c1f8323a90
Event: 0.040 Thread 0x000001c1d9d319a0 Thread added: 0x000001c1f83279c0
Event: 0.040 Thread 0x000001c1d9d319a0 Thread added: 0x000001c1f832b7e0
Event: 0.041 Thread 0x000001c1d9d319a0 Thread added: 0x000001c1f8330e70
Event: 0.077 Thread 0x000001c1d9d319a0 Thread added: 0x000001c1f8325f80
Event: 0.097 Thread 0x000001c1f8330e70 Thread added: 0x000001c1c51a9a80
Event: 0.166 Thread 0x000001c1d9d319a0 Thread added: 0x000001c1f83258f0
Event: 0.166 Thread 0x000001c1d9d319a0 Thread added: 0x000001c1f8326610
Event: 0.189 Thread 0x000001c1d9d319a0 Thread added: 0x000001c1f8325260
Event: 0.435 Thread 0x000001c1c51a9a80 Thread exited: 0x000001c1c51a9a80
Event: 0.456 Thread 0x000001c1f832b7e0 Thread added: 0x000001c1c55c8050
Event: 0.456 Thread 0x000001c1f832b7e0 Thread added: 0x000001c1c55ccec0
Event: 0.823 Thread 0x000001c1f8325260 Thread added: 0x000001c1f8324540
Event: 0.904 Thread 0x000001c1f8325260 Thread added: 0x000001c1f8326ca0
Event: 0.908 Thread 0x000001c1f8325260 Thread added: 0x000001c1f8327330
Event: 1.059 Thread 0x000001c1f8324bd0 Thread added: 0x000001c1f8324bd0
Event: 2.172 Thread 0x000001c1f8327330 Thread added: 0x000001c1caca3680
Event: 2.642 Thread 0x000001c1f8327330 Thread added: 0x000001c1caca3d10
Event: 2.752 Thread 0x000001c1caca3d10 Thread added: 0x000001c1caca6470
Event: 3.146 Thread 0x000001c1f8327330 Thread added: 0x000001c1caca6b00


Dynamic libraries:
0x00007ff7695f0000 - 0x00007ff7695fe000 	C:\Users\Dani-PC\.jdks\openjdk-23\bin\java.exe
0x00007ffb6b150000 - 0x00007ffb6b348000 	C:\WINDOWS\SYSTEM32\ntdll.dll
0x00007ffb6a570000 - 0x00007ffb6a632000 	C:\WINDOWS\System32\KERNEL32.DLL
0x00007ffb68e70000 - 0x00007ffb6916e000 	C:\WINDOWS\System32\KERNELBASE.dll
0x00007ffb687f0000 - 0x00007ffb688f0000 	C:\WINDOWS\System32\ucrtbase.dll
0x00007ffb636f0000 - 0x00007ffb63707000 	C:\Users\Dani-PC\.jdks\openjdk-23\bin\jli.dll
0x00007ffb63710000 - 0x00007ffb6372b000 	C:\Users\Dani-PC\.jdks\openjdk-23\bin\VCRUNTIME140.dll
0x00007ffb69210000 - 0x00007ffb693ad000 	C:\WINDOWS\System32\USER32.dll
0x00007ffb68d60000 - 0x00007ffb68d82000 	C:\WINDOWS\System32\win32u.dll
0x00007ffb62e90000 - 0x00007ffb6312a000 	C:\WINDOWS\WinSxS\amd64_microsoft.windows.common-controls_6595b64144ccf1df_6.0.19041.4355_none_60b8b9eb71f62e16\COMCTL32.dll
0x00007ffb6a100000 - 0x00007ffb6a12b000 	C:\WINDOWS\System32\GDI32.dll
0x00007ffb69970000 - 0x00007ffb69a0e000 	C:\WINDOWS\System32\msvcrt.dll
0x00007ffb688f0000 - 0x00007ffb68a07000 	C:\WINDOWS\System32\gdi32full.dll
0x00007ffb68a60000 - 0x00007ffb68afd000 	C:\WINDOWS\System32\msvcp_win.dll
0x00007ffb6a130000 - 0x00007ffb6a15f000 	C:\WINDOWS\System32\IMM32.DLL
0x00007ffb52ca0000 - 0x00007ffb52cac000 	C:\Users\Dani-PC\.jdks\openjdk-23\bin\vcruntime140_1.dll
0x00007ffb32a60000 - 0x00007ffb32aee000 	C:\Users\Dani-PC\.jdks\openjdk-23\bin\msvcp140.dll
0x00007ffb105a0000 - 0x00007ffb112ef000 	C:\Users\Dani-PC\.jdks\openjdk-23\bin\server\jvm.dll
0x00007ffb6a160000 - 0x00007ffb6a212000 	C:\WINDOWS\System32\ADVAPI32.dll
0x00007ffb69170000 - 0x00007ffb69210000 	C:\WINDOWS\System32\sechost.dll
0x00007ffb6af10000 - 0x00007ffb6b033000 	C:\WINDOWS\System32\RPCRT4.dll
0x00007ffb68e40000 - 0x00007ffb68e67000 	C:\WINDOWS\System32\bcrypt.dll
0x00007ffb6ae10000 - 0x00007ffb6ae7b000 	C:\WINDOWS\System32\WS2_32.dll
0x00007ffb68650000 - 0x00007ffb6869b000 	C:\WINDOWS\SYSTEM32\POWRPROF.dll
0x00007ffb59fc0000 - 0x00007ffb59fe7000 	C:\WINDOWS\SYSTEM32\WINMM.dll
0x00007ffb601f0000 - 0x00007ffb601fa000 	C:\WINDOWS\SYSTEM32\VERSION.dll
0x00007ffb68630000 - 0x00007ffb68642000 	C:\WINDOWS\SYSTEM32\UMPDC.dll
0x00007ffb67060000 - 0x00007ffb67072000 	C:\WINDOWS\SYSTEM32\kernel.appcore.dll
0x00007ffb52c70000 - 0x00007ffb52c7a000 	C:\Users\Dani-PC\.jdks\openjdk-23\bin\jimage.dll
0x00007ffb66640000 - 0x00007ffb66824000 	C:\WINDOWS\SYSTEM32\DBGHELP.DLL
0x00007ffb60360000 - 0x00007ffb60394000 	C:\WINDOWS\SYSTEM32\dbgcore.DLL
0x00007ffb68cd0000 - 0x00007ffb68d52000 	C:\WINDOWS\System32\bcryptPrimitives.dll
0x00007ffb52360000 - 0x00007ffb5236f000 	C:\Users\Dani-PC\.jdks\openjdk-23\bin\instrument.dll
0x00007ffb50730000 - 0x00007ffb5074e000 	C:\Users\Dani-PC\.jdks\openjdk-23\bin\java.dll
0x00007ffb69a20000 - 0x00007ffb69b4b000 	C:\WINDOWS\System32\ole32.dll
0x00007ffb69560000 - 0x00007ffb698b3000 	C:\WINDOWS\System32\combase.dll
0x00007ffb6a640000 - 0x00007ffb6adaf000 	C:\WINDOWS\System32\SHELL32.dll
0x00007ffb66830000 - 0x00007ffb66fd4000 	C:\WINDOWS\SYSTEM32\windows.storage.dll
0x00007ffb68150000 - 0x00007ffb6817e000 	C:\WINDOWS\SYSTEM32\Wldp.dll
0x00007ffb6b040000 - 0x00007ffb6b10d000 	C:\WINDOWS\System32\OLEAUT32.dll
0x00007ffb6a300000 - 0x00007ffb6a3ad000 	C:\WINDOWS\System32\SHCORE.dll
0x00007ffb69c20000 - 0x00007ffb69c75000 	C:\WINDOWS\System32\shlwapi.dll
0x00007ffb68720000 - 0x00007ffb68744000 	C:\WINDOWS\SYSTEM32\profapi.dll
0x00007ffb32980000 - 0x00007ffb32a57000 	C:\Users\Dani-PC\.jdks\openjdk-23\bin\jsvml.dll
0x00007ffb4f4a0000 - 0x00007ffb4f4b7000 	C:\Users\Dani-PC\.jdks\openjdk-23\bin\zip.dll
0x00007ffb502f0000 - 0x00007ffb50300000 	C:\Users\Dani-PC\.jdks\openjdk-23\bin\net.dll
0x00007ffb67eb0000 - 0x00007ffb67f1a000 	C:\WINDOWS\system32\mswsock.dll
0x00007ffb4f4c0000 - 0x00007ffb4f4d6000 	C:\Users\Dani-PC\.jdks\openjdk-23\bin\nio.dll
0x00007ffb4b7b0000 - 0x00007ffb4b7ca000 	C:\Program Files\JetBrains\IntelliJ IDEA 2024.1.2\bin\breakgen64.dll
0x00007ffb4f520000 - 0x00007ffb4f529000 	C:\Users\Dani-PC\.jdks\openjdk-23\bin\extnet.dll
0x000001c1c5c20000 - 0x000001c1c5c23000 	C:\Users\Dani-PC\.openjfx\cache\22.0.1+7\amd64\api-ms-win-core-console-l1-1-0.dll
0x000001c1c5c30000 - 0x000001c1c5c33000 	C:\Users\Dani-PC\.openjfx\cache\22.0.1+7\amd64\api-ms-win-core-console-l1-2-0.dll
0x000001c1c5c40000 - 0x000001c1c5c43000 	C:\Users\Dani-PC\.openjfx\cache\22.0.1+7\amd64\api-ms-win-core-datetime-l1-1-0.dll
0x000001c1c5c50000 - 0x000001c1c5c53000 	C:\Users\Dani-PC\.openjfx\cache\22.0.1+7\amd64\api-ms-win-core-debug-l1-1-0.dll
0x000001c1c5c60000 - 0x000001c1c5c63000 	C:\Users\Dani-PC\.openjfx\cache\22.0.1+7\amd64\api-ms-win-core-errorhandling-l1-1-0.dll
0x000001c1c5c70000 - 0x000001c1c5c74000 	C:\Users\Dani-PC\.openjfx\cache\22.0.1+7\amd64\api-ms-win-core-file-l1-1-0.dll
0x000001c1c5c80000 - 0x000001c1c5c83000 	C:\Users\Dani-PC\.openjfx\cache\22.0.1+7\amd64\api-ms-win-core-file-l1-2-0.dll
0x000001c1c5c90000 - 0x000001c1c5c93000 	C:\Users\Dani-PC\.openjfx\cache\22.0.1+7\amd64\api-ms-win-core-file-l2-1-0.dll
0x000001c1c5ca0000 - 0x000001c1c5ca3000 	C:\Users\Dani-PC\.openjfx\cache\22.0.1+7\amd64\api-ms-win-core-handle-l1-1-0.dll
0x000001c1c5cb0000 - 0x000001c1c5cb3000 	C:\Users\Dani-PC\.openjfx\cache\22.0.1+7\amd64\api-ms-win-core-heap-l1-1-0.dll
0x000001c1c5cc0000 - 0x000001c1c5cc3000 	C:\Users\Dani-PC\.openjfx\cache\22.0.1+7\amd64\api-ms-win-core-interlocked-l1-1-0.dll
0x000001c1c5cd0000 - 0x000001c1c5cd3000 	C:\Users\Dani-PC\.openjfx\cache\22.0.1+7\amd64\api-ms-win-core-libraryloader-l1-1-0.dll
0x000001c1c5ce0000 - 0x000001c1c5ce3000 	C:\Users\Dani-PC\.openjfx\cache\22.0.1+7\amd64\api-ms-win-core-localization-l1-2-0.dll
0x000001c1c5cf0000 - 0x000001c1c5cf3000 	C:\Users\Dani-PC\.openjfx\cache\22.0.1+7\amd64\api-ms-win-core-memory-l1-1-0.dll
0x000001c1c5d00000 - 0x000001c1c5d03000 	C:\Users\Dani-PC\.openjfx\cache\22.0.1+7\amd64\api-ms-win-core-namedpipe-l1-1-0.dll
0x000001c1c5d10000 - 0x000001c1c5d13000 	C:\Users\Dani-PC\.openjfx\cache\22.0.1+7\amd64\api-ms-win-core-processenvironment-l1-1-0.dll
0x000001c1c5d20000 - 0x000001c1c5d23000 	C:\Users\Dani-PC\.openjfx\cache\22.0.1+7\amd64\api-ms-win-core-processthreads-l1-1-0.dll
0x000001c1c5d30000 - 0x000001c1c5d33000 	C:\Users\Dani-PC\.openjfx\cache\22.0.1+7\amd64\api-ms-win-core-processthreads-l1-1-1.dll
0x000001c1c5d40000 - 0x000001c1c5d43000 	C:\Users\Dani-PC\.openjfx\cache\22.0.1+7\amd64\api-ms-win-core-profile-l1-1-0.dll
0x000001c1c5d50000 - 0x000001c1c5d53000 	C:\Users\Dani-PC\.openjfx\cache\22.0.1+7\amd64\api-ms-win-core-rtlsupport-l1-1-0.dll
0x000001c1c5d60000 - 0x000001c1c5d63000 	C:\Users\Dani-PC\.openjfx\cache\22.0.1+7\amd64\api-ms-win-core-string-l1-1-0.dll
0x000001c1c5d70000 - 0x000001c1c5d73000 	C:\Users\Dani-PC\.openjfx\cache\22.0.1+7\amd64\api-ms-win-core-synch-l1-1-0.dll
0x000001c1c5d80000 - 0x000001c1c5d83000 	C:\Users\Dani-PC\.openjfx\cache\22.0.1+7\amd64\api-ms-win-core-synch-l1-2-0.dll
0x000001c1c5d90000 - 0x000001c1c5d93000 	C:\Users\Dani-PC\.openjfx\cache\22.0.1+7\amd64\api-ms-win-core-sysinfo-l1-1-0.dll
0x000001c1c5da0000 - 0x000001c1c5da3000 	C:\Users\Dani-PC\.openjfx\cache\22.0.1+7\amd64\api-ms-win-core-timezone-l1-1-0.dll
0x000001c1c5db0000 - 0x000001c1c5db3000 	C:\Users\Dani-PC\.openjfx\cache\22.0.1+7\amd64\api-ms-win-core-util-l1-1-0.dll
0x000001c1c5dc0000 - 0x000001c1c5dc3000 	C:\Users\Dani-PC\.openjfx\cache\22.0.1+7\amd64\api-ms-win-crt-conio-l1-1-0.dll
0x000001c1c5dd0000 - 0x000001c1c5dd4000 	C:\Users\Dani-PC\.openjfx\cache\22.0.1+7\amd64\api-ms-win-crt-convert-l1-1-0.dll
0x000001c1c5de0000 - 0x000001c1c5de3000 	C:\Users\Dani-PC\.openjfx\cache\22.0.1+7\amd64\api-ms-win-crt-environment-l1-1-0.dll
0x000001c1c5df0000 - 0x000001c1c5df3000 	C:\Users\Dani-PC\.openjfx\cache\22.0.1+7\amd64\api-ms-win-crt-filesystem-l1-1-0.dll
0x000001c1c5e00000 - 0x000001c1c5e03000 	C:\Users\Dani-PC\.openjfx\cache\22.0.1+7\amd64\api-ms-win-crt-heap-l1-1-0.dll
0x000001c1c5e10000 - 0x000001c1c5e13000 	C:\Users\Dani-PC\.openjfx\cache\22.0.1+7\amd64\api-ms-win-crt-locale-l1-1-0.dll
0x000001c1c5e20000 - 0x000001c1c5e25000 	C:\Users\Dani-PC\.openjfx\cache\22.0.1+7\amd64\api-ms-win-crt-math-l1-1-0.dll
0x000001c1c5e30000 - 0x000001c1c5e35000 	C:\Users\Dani-PC\.openjfx\cache\22.0.1+7\amd64\api-ms-win-crt-multibyte-l1-1-0.dll
0x000001c1c5e40000 - 0x000001c1c5e50000 	C:\Users\Dani-PC\.openjfx\cache\22.0.1+7\amd64\api-ms-win-crt-private-l1-1-0.dll
0x000001c1c5e50000 - 0x000001c1c5e53000 	C:\Users\Dani-PC\.openjfx\cache\22.0.1+7\amd64\api-ms-win-crt-process-l1-1-0.dll
0x000001c1c5e60000 - 0x000001c1c5e64000 	C:\Users\Dani-PC\.openjfx\cache\22.0.1+7\amd64\api-ms-win-crt-runtime-l1-1-0.dll
0x000001c1c5e70000 - 0x000001c1c5e74000 	C:\Users\Dani-PC\.openjfx\cache\22.0.1+7\amd64\api-ms-win-crt-stdio-l1-1-0.dll
0x000001c1c5e80000 - 0x000001c1c5e84000 	C:\Users\Dani-PC\.openjfx\cache\22.0.1+7\amd64\api-ms-win-crt-string-l1-1-0.dll
0x000001c1c5e90000 - 0x000001c1c5e93000 	C:\Users\Dani-PC\.openjfx\cache\22.0.1+7\amd64\api-ms-win-crt-time-l1-1-0.dll
0x000001c1c5ea0000 - 0x000001c1c5ea3000 	C:\Users\Dani-PC\.openjfx\cache\22.0.1+7\amd64\api-ms-win-crt-utility-l1-1-0.dll
0x00007ffb31f40000 - 0x00007ffb3203c000 	C:\Users\Dani-PC\.openjfx\cache\22.0.1+7\amd64\ucrtbase.dll
0x00007ffb4b5d0000 - 0x00007ffb4b5eb000 	C:\Users\Dani-PC\.openjfx\cache\22.0.1+7\amd64\vcruntime140.dll
0x00007ffb4afb0000 - 0x00007ffb4afbc000 	C:\Users\Dani-PC\.openjfx\cache\22.0.1+7\amd64\vcruntime140_1.dll
0x00007ffb2f9a0000 - 0x00007ffb2fa2e000 	C:\Users\Dani-PC\.openjfx\cache\22.0.1+7\amd64\msvcp140.dll
0x00007ffb44830000 - 0x00007ffb44839000 	C:\Users\Dani-PC\.openjfx\cache\22.0.1+7\amd64\msvcp140_1.dll
0x00007ffb37490000 - 0x00007ffb374d1000 	C:\Users\Dani-PC\.openjfx\cache\22.0.1+7\amd64\msvcp140_2.dll
0x00007ffb3df50000 - 0x00007ffb3df80000 	C:\Users\Dani-PC\.openjfx\cache\22.0.1+7\amd64\prism_d3d.dll
0x00007ffb5b730000 - 0x00007ffb5b901000 	C:\WINDOWS\system32\d3d9.dll
0x00007ffb661c0000 - 0x00007ffb661ef000 	C:\WINDOWS\SYSTEM32\dwmapi.dll
0x00007ffb65eb0000 - 0x00007ffb65f4e000 	C:\WINDOWS\system32\uxtheme.dll
0x00007ffb3e0a0000 - 0x00007ffb3e26d000 	C:\WINDOWS\System32\DriverStore\FileRepository\iigd_dch.inf_amd64_b261b2ab559fdee8\igdumdim64.dll
0x00007ffb61150000 - 0x00007ffb61270000 	C:\WINDOWS\System32\DriverStore\FileRepository\iigd_dch.inf_amd64_b261b2ab559fdee8\igdgmm64.dll
0x00007ffaede90000 - 0x00007ffaf1aa1000 	C:\WINDOWS\System32\DriverStore\FileRepository\iigd_dch.inf_amd64_b261b2ab559fdee8\igd9dxva64.dll
0x00007ffb32930000 - 0x00007ffb32975000 	C:\Users\Dani-PC\.openjfx\cache\22.0.1+7\amd64\glass.dll
0x00007ffb6a220000 - 0x00007ffb6a2fa000 	C:\WINDOWS\System32\COMDLG32.dll
0x00007ffb6a450000 - 0x00007ffb6a565000 	C:\WINDOWS\System32\MSCTF.dll
0x00007ffb61c50000 - 0x00007ffb61c71000 	C:\WINDOWS\System32\DriverStore\FileRepository\iigd_dch.inf_amd64_b261b2ab559fdee8\igdinfo64.dll
0x00007ffb54c80000 - 0x00007ffb56fe0000 	C:\WINDOWS\System32\DriverStore\FileRepository\iigd_dch.inf_amd64_b261b2ab559fdee8\igc64.dll
0x00007ffb5ae90000 - 0x00007ffb5aecb000 	C:\WINDOWS\SYSTEM32\dxcore.dll
0x00007ffb68a10000 - 0x00007ffb68a5e000 	C:\WINDOWS\System32\cfgmgr32.dll
0x00007ffb698c0000 - 0x00007ffb69969000 	C:\WINDOWS\System32\clbcatq.dll
0x00007ffb5b9f0000 - 0x00007ffb5bb2f000 	C:\Windows\System32\Windows.UI.dll
0x00007ffb60950000 - 0x00007ffb609f1000 	C:\Windows\System32\WindowManagementAPI.dll
0x00007ffb5b2f0000 - 0x00007ffb5b3e9000 	C:\Windows\System32\TextInputFramework.dll
0x00007ffb546c0000 - 0x00007ffb54812000 	C:\Windows\System32\InputHost.dll
0x00007ffb64d70000 - 0x00007ffb64ec7000 	C:\WINDOWS\SYSTEM32\wintypes.dll
0x00007ffb65920000 - 0x00007ffb65a12000 	C:\Windows\System32\CoreMessaging.dll
0x00007ffb605d0000 - 0x00007ffb607d3000 	C:\WINDOWS\SYSTEM32\twinapi.appcore.dll
0x00007ffb65580000 - 0x00007ffb658db000 	C:\Windows\System32\CoreUIComponents.dll
0x00007ffb63730000 - 0x00007ffb63826000 	C:\Windows\System32\PROPSYS.dll
0x00007ffb67a20000 - 0x00007ffb67a53000 	C:\WINDOWS\SYSTEM32\ntmarta.dll
0x00007ffb4c7c0000 - 0x00007ffb4c8f8000 	C:\Windows\System32\Windows.UI.Immersive.dll
0x00007ffb3b040000 - 0x00007ffb3b055000 	C:\Users\Dani-PC\.openjfx\cache\22.0.1+7\amd64\javafx_font.dll
0x00007ffb44820000 - 0x00007ffb44830000 	C:\Users\Dani-PC\.jdks\openjdk-23\bin\verify.dll
0x00007ffb67bd0000 - 0x00007ffb67c9a000 	C:\WINDOWS\SYSTEM32\DNSAPI.dll
0x00007ffb67b90000 - 0x00007ffb67bcb000 	C:\WINDOWS\SYSTEM32\IPHLPAPI.DLL
0x00007ffb69bb0000 - 0x00007ffb69bb8000 	C:\WINDOWS\System32\NSI.dll

dbghelp: loaded successfully - version: 4.0.5 - missing functions: none
symbol engine: initialized successfully - sym options: 0x614 - pdb path: .;C:\Users\Dani-PC\.jdks\openjdk-23\bin;C:\WINDOWS\SYSTEM32;C:\WINDOWS\WinSxS\amd64_microsoft.windows.common-controls_6595b64144ccf1df_6.0.19041.4355_none_60b8b9eb71f62e16;C:\Users\Dani-PC\.jdks\openjdk-23\bin\server;C:\Program Files\JetBrains\IntelliJ IDEA 2024.1.2\bin;C:\Users\Dani-PC\.openjfx\cache\22.0.1+7\amd64;C:\WINDOWS\System32\DriverStore\FileRepository\iigd_dch.inf_amd64_b261b2ab559fdee8;C:\Program Files\Common Files\Microsoft Shared\Ink

VM Arguments:
jvm_args: -javaagent:C:\Program Files\JetBrains\IntelliJ IDEA 2024.1.2\lib\idea_rt.jar=63484:C:\Program Files\JetBrains\IntelliJ IDEA 2024.1.2\bin -Dfile.encoding=UTF-8 -Dsun.stdout.encoding=UTF-8 -Dsun.stderr.encoding=UTF-8 
java_command: dad.Main.Main
java_class_path (initial): C:\Users\Dani-PC\Documents\GitHub\ADE\ProyectoFTP\target\classes;C:\Users\Dani-PC\.m2\repository\org\openjfx\javafx-controls\22.0.1\javafx-controls-22.0.1.jar;C:\Users\Dani-PC\.m2\repository\org\openjfx\javafx-controls\22.0.1\javafx-controls-22.0.1-win.jar;C:\Users\Dani-PC\.m2\repository\org\openjfx\javafx-graphics\22.0.1\javafx-graphics-22.0.1.jar;C:\Users\Dani-PC\.m2\repository\org\openjfx\javafx-graphics\22.0.1\javafx-graphics-22.0.1-win.jar;C:\Users\Dani-PC\.m2\repository\org\openjfx\javafx-base\22.0.1\javafx-base-22.0.1.jar;C:\Users\Dani-PC\.m2\repository\org\openjfx\javafx-base\22.0.1\javafx-base-22.0.1-win.jar;C:\Users\Dani-PC\.m2\repository\org\openjfx\javafx-fxml\22.0.1\javafx-fxml-22.0.1.jar;C:\Users\Dani-PC\.m2\repository\org\openjfx\javafx-fxml\22.0.1\javafx-fxml-22.0.1-win.jar;C:\Users\Dani-PC\.m2\repository\jakarta\xml\bind\jakarta.xml.bind-api\3.0.0\jakarta.xml.bind-api-3.0.0.jar;C:\Users\Dani-PC\.m2\repository\com\sun\activation\jakarta.activation\2.0.0\jakarta.activation-2.0.0.jar;C:\Users\Dani-PC\.m2\repository\com\sun\xml\bind\jaxb-impl\3.0.0\jaxb-impl-3.0.0.jar;C:\Users\Dani-PC\.m2\repository\com\sun\xml\bind\jaxb-core\3.0.0\jaxb-core-3.0.0.jar;C:\Users\Dani-PC\.m2\repository\com\mysql\mysql-connector-j\8.0.33\mysql-connector-j-8.0.33.jar;C:\Users\Dani-PC\.m2\repository\com\google\protobuf\protobuf-java\3.21.9\protobuf-java-3.21.9.jar;C:\Users\Dani-PC\.m2\repository\com\zaxxer\HikariCP\5.1.0\HikariCP-5.1.0.jar;C:\Users\Dani-PC\.m2\repository\org\slf4j\slf4j-api\1.7.36\slf4j-api-1.7.36.jar;C:\Users\Dani-PC\.m2\repository\ch\qos\logback\logback-classic\1.4.11\logback-classic-1.4.11.jar;C:\Users\Dani-PC\.m2\repository\ch\qos\logback\logback-core\1.4.11\logback-core-1.4.11.jar
Launcher Type: SUN_STANDARD

[Global flags]
     intx CICompilerCount                          = 4                                         {product} {ergonomic}
     uint ConcGCThreads                            = 3                                         {product} {ergonomic}
     uint G1ConcRefinementThreads                  = 10                                        {product} {ergonomic}
   size_t G1HeapRegionSize                         = 2097152                                   {product} {ergonomic}
   size_t InitialHeapSize                          = 201326592                                 {product} {ergonomic}
   size_t MarkStackSize                            = 4194304                                   {product} {ergonomic}
   size_t MarkStackSizeMax                         = 536870912                                 {product} {ergonomic}
   size_t MaxHeapSize                              = 3193962496                                {product} {ergonomic}
   size_t MaxNewSize                               = 1914699776                                {product} {ergonomic}
   size_t MinHeapDeltaBytes                        = 2097152                                   {product} {ergonomic}
   size_t MinHeapSize                              = 8388608                                   {product} {ergonomic}
    uintx NonNMethodCodeHeapSize                   = 5832704                                {pd product} {ergonomic}
    uintx NonProfiledCodeHeapSize                  = 122945536                              {pd product} {ergonomic}
    uintx ProfiledCodeHeapSize                     = 122880000                              {pd product} {ergonomic}
    uintx ReservedCodeCacheSize                    = 251658240                              {pd product} {ergonomic}
     bool SegmentedCodeCache                       = true                                      {product} {ergonomic}
   size_t SoftMaxHeapSize                          = 3193962496                             {manageable} {ergonomic}
     bool UseCompressedOops                        = true                           {product lp64_product} {ergonomic}
     bool UseG1GC                                  = true                                      {product} {ergonomic}
     bool UseLargePagesIndividualAllocation        = false                                  {pd product} {ergonomic}

Logging:
Log output configuration:
 #0: stdout all=warning uptime,level,tags foldmultilines=false
 #1: stderr all=off uptime,level,tags foldmultilines=false

Environment Variables:
PATH=C:\Program Files\Eclipse Adoptium\jdk-21.0.4.7-hotspot\bin;C:\Program Files\Microsoft MPI\Bin\;C:\ProgramData\Oracle\Java\javapath;C:\Windows\System32;C:\Windows;C:\Windows\System32\wbem;C:\Windows\System32\WindowsPowerShell\v1.0\;C:\Windows\System32\OpenSSH\;C:\Program Files (x86)\NVIDIA Corporation\PhysX\Common;C:\Program Files (x86)\PDFtk\bin\;C:\Windows\System32;C:\Windows;C:\Windows\System32\wbem;C:\Windows\System32\WindowsPowerShell\v1.0\;C:\Windows\System32\OpenSSH\;C:\Xampp\php;C:\Program Files (x86)\Microsoft SQL Server\160\Tools\Binn\;C:\Program Files\Microsoft SQL Server\160\Tools\Binn\;C:\Program Files\Microsoft SQL Server\Client SDK\ODBC\170\Tools\Binn\;C:\Program Files\Microsoft SQL Server\160\DTS\Binn\;C:\Program Files (x86)\Microsoft SQL Server\160\DTS\Binn\;C:\ProgramData\chocolatey\bin;C:\ProgramData\chocolatey\lib\maven\apache-maven-3.9.9\bin;C:\Program Files\Git\cmd;C:\Users\Dani-PC\AppData\Local\Microsoft\WindowsApps;C:\Users\Dani-PC\AppData\Local\Programs\Microsoft VS Code\bin;C:\Program Files\JetBrains\IntelliJ IDEA 2024.1.2\bin;;C:\Users\Dani-PC\AppData\Local\GitHubDesktop\bin;C:\Users\Dani-PC\AppData\Local\Android\Sdk\platform-tools\;
USERNAME=Dani-PC
OS=Windows_NT
PROCESSOR_IDENTIFIER=Intel64 Family 6 Model 158 Stepping 10, GenuineIntel
TMP=C:\Users\Dani-PC\AppData\Local\Temp
TEMP=C:\Users\Dani-PC\AppData\Local\Temp




Periodic native trim disabled

---------------  S Y S T E M  ---------------

OS:
 Windows 10 , 64 bit Build 19041 (10.0.19041.4957)
OS uptime: 13 days 1:39 hours

CPU: total 12 (initial active 12) (6 cores per cpu, 2 threads per core) family 6 model 158 stepping 10 microcode 0xb4, cx8, cmov, fxsr, ht, mmx, 3dnowpref, sse, sse2, sse3, ssse3, sse4.1, sse4.2, popcnt, lzcnt, tsc, tscinvbit, avx, avx2, aes, erms, clmul, bmi1, bmi2, adx, fma, vzeroupper, clflush, clflushopt, rdtscp, f16c
Processor Information for processor 0
  Max Mhz: 2208, Current Mhz: 2208, Mhz Limit: 2208
Processor Information for processor 1
  Max Mhz: 2208, Current Mhz: 1405, Mhz Limit: 2208
Processor Information for processor 2
  Max Mhz: 2208, Current Mhz: 1405, Mhz Limit: 2208
Processor Information for processor 3
  Max Mhz: 2208, Current Mhz: 2208, Mhz Limit: 2208
Processor Information for processor 4
  Max Mhz: 2208, Current Mhz: 2208, Mhz Limit: 2208
Processor Information for processor 5
  Max Mhz: 2208, Current Mhz: 2208, Mhz Limit: 2208
Processor Information for processor 6
  Max Mhz: 2208, Current Mhz: 2208, Mhz Limit: 2208
Processor Information for processor 7
  Max Mhz: 2208, Current Mhz: 2208, Mhz Limit: 2208
Processor Information for processor 8
  Max Mhz: 2208, Current Mhz: 2208, Mhz Limit: 2208
Processor Information for processor 9
  Max Mhz: 2208, Current Mhz: 1405, Mhz Limit: 2208
Processor Information for processor 10
  Max Mhz: 2208, Current Mhz: 2208, Mhz Limit: 2208
Processor Information for processor 11
  Max Mhz: 2208, Current Mhz: 2208, Mhz Limit: 2208

Memory: 4k page, system-wide physical 12176M (783M free)
TotalPageFile size 12176M (AvailPageFile size 158M)
current process WorkingSet (physical memory assigned to process): 170M, peak: 201M
current process commit charge ("private bytes"): 241M, peak: 389M

vm_info: OpenJDK 64-Bit Server VM (23+37-2369) for windows-amd64 JRE (23+37-2369), built on 2024-08-20T16:01:23Z with MS VC++ 17.6 (VS2022)

END.
